<?xml version="1.0" encoding="UTF-8"?>
<testsuite name="com.bci.tareas.test.PasswordValidatorTest" tests="19" skipped="0" failures="0" errors="0" timestamp="2024-04-10T20:56:52" hostname="LAPTOP-6AR7AL1J" time="0.042">
  <properties/>
  <testcase name="#1 - Run test with password = 12345678" classname="com.bci.tareas.test.PasswordValidatorTest" time="0.005"/>
  <testcase name="#2 - Run test with password = abcdefgh" classname="com.bci.tareas.test.PasswordValidatorTest" time="0.001"/>
  <testcase name="#3 - Run test with password = ABCDEFGH" classname="com.bci.tareas.test.PasswordValidatorTest" time="0.001"/>
  <testcase name="#4 - Run test with password = abc123$$$" classname="com.bci.tareas.test.PasswordValidatorTest" time="0.001"/>
  <testcase name="#5 - Run test with password = ABC123$$$" classname="com.bci.tareas.test.PasswordValidatorTest" time="0.001"/>
  <testcase name="#6 - Run test with password = ABC$$$$$$" classname="com.bci.tareas.test.PasswordValidatorTest" time="0.001"/>
  <testcase name="#7 - Run test with password = java REGEX 123" classname="com.bci.tareas.test.PasswordValidatorTest" time="0.001"/>
  <testcase name="#8 - Run test with password = java REGEX 123 %" classname="com.bci.tareas.test.PasswordValidatorTest" time="0.001"/>
  <testcase name="#9 - Run test with password = ________" classname="com.bci.tareas.test.PasswordValidatorTest" time="0.0"/>
  <testcase name="#10 - Run test with password = --------" classname="com.bci.tareas.test.PasswordValidatorTest" time="0.001"/>
  <testcase name="#11 - Run test with password =  " classname="com.bci.tareas.test.PasswordValidatorTest" time="0.001"/>
  <testcase name="#12 - Run test with password = Asds23" classname="com.bci.tareas.test.PasswordValidatorTest" time="0.001"/>
  <testcase name="[1] password=A23bbbccc@" classname="com.bci.tareas.test.PasswordValidatorTest" time="0.001"/>
  <testcase name="[2] password=Hello@12" classname="com.bci.tareas.test.PasswordValidatorTest" time="0.001"/>
  <testcase name="[3] password=A!@#2&amp;()aa1" classname="com.bci.tareas.test.PasswordValidatorTest" time="0.001"/>
  <testcase name="[4] password=A[{2@}]:;a" classname="com.bci.tareas.test.PasswordValidatorTest" time="0.001"/>
  <testcase name="[5] password=A7$^+=2a#" classname="com.bci.tareas.test.PasswordValidatorTest" time="0.001"/>
  <testcase name="[6] password=A89$abcdeab" classname="com.bci.tareas.test.PasswordValidatorTest" time="0.0"/>
  <testcase name="[7] password=12fAa$wa" classname="com.bci.tareas.test.PasswordValidatorTest" time="0.001"/>
  <system-out><![CDATA[16:56:52.574 [Test worker] INFO com.bci.tareas.test.PasswordValidatorTest - password no validas =12345678
16:56:52.577 [Test worker] INFO com.bci.tareas.helper.PasswordValidator - password : 12345678
16:56:52.577 [Test worker] INFO com.bci.tareas.helper.PasswordValidator - PatronPassword : ^(?=.*[0-9])(?=.*[a-z])(?=.*[A-Z])(?=.*[!@#&()?[{}]:;',?/*~$^+=<>]).{8,20}$
16:56:52.579 [Test worker] INFO com.bci.tareas.test.PasswordValidatorTest - password no validas =abcdefgh
16:56:52.579 [Test worker] INFO com.bci.tareas.helper.PasswordValidator - password : abcdefgh
16:56:52.579 [Test worker] INFO com.bci.tareas.helper.PasswordValidator - PatronPassword : ^(?=.*[0-9])(?=.*[a-z])(?=.*[A-Z])(?=.*[!@#&()?[{}]:;',?/*~$^+=<>]).{8,20}$
16:56:52.581 [Test worker] INFO com.bci.tareas.test.PasswordValidatorTest - password no validas =ABCDEFGH
16:56:52.581 [Test worker] INFO com.bci.tareas.helper.PasswordValidator - password : ABCDEFGH
16:56:52.581 [Test worker] INFO com.bci.tareas.helper.PasswordValidator - PatronPassword : ^(?=.*[0-9])(?=.*[a-z])(?=.*[A-Z])(?=.*[!@#&()?[{}]:;',?/*~$^+=<>]).{8,20}$
16:56:52.583 [Test worker] INFO com.bci.tareas.test.PasswordValidatorTest - password no validas =abc123$$$
16:56:52.583 [Test worker] INFO com.bci.tareas.helper.PasswordValidator - password : abc123$$$
16:56:52.583 [Test worker] INFO com.bci.tareas.helper.PasswordValidator - PatronPassword : ^(?=.*[0-9])(?=.*[a-z])(?=.*[A-Z])(?=.*[!@#&()?[{}]:;',?/*~$^+=<>]).{8,20}$
16:56:52.585 [Test worker] INFO com.bci.tareas.test.PasswordValidatorTest - password no validas =ABC123$$$
16:56:52.585 [Test worker] INFO com.bci.tareas.helper.PasswordValidator - password : ABC123$$$
16:56:52.585 [Test worker] INFO com.bci.tareas.helper.PasswordValidator - PatronPassword : ^(?=.*[0-9])(?=.*[a-z])(?=.*[A-Z])(?=.*[!@#&()?[{}]:;',?/*~$^+=<>]).{8,20}$
16:56:52.587 [Test worker] INFO com.bci.tareas.test.PasswordValidatorTest - password no validas =ABC$$$$$$
16:56:52.587 [Test worker] INFO com.bci.tareas.helper.PasswordValidator - password : ABC$$$$$$
16:56:52.587 [Test worker] INFO com.bci.tareas.helper.PasswordValidator - PatronPassword : ^(?=.*[0-9])(?=.*[a-z])(?=.*[A-Z])(?=.*[!@#&()?[{}]:;',?/*~$^+=<>]).{8,20}$
16:56:52.589 [Test worker] INFO com.bci.tareas.test.PasswordValidatorTest - password no validas =java REGEX 123
16:56:52.589 [Test worker] INFO com.bci.tareas.helper.PasswordValidator - password : java REGEX 123
16:56:52.589 [Test worker] INFO com.bci.tareas.helper.PasswordValidator - PatronPassword : ^(?=.*[0-9])(?=.*[a-z])(?=.*[A-Z])(?=.*[!@#&()?[{}]:;',?/*~$^+=<>]).{8,20}$
16:56:52.591 [Test worker] INFO com.bci.tareas.test.PasswordValidatorTest - password no validas =java REGEX 123 %
16:56:52.591 [Test worker] INFO com.bci.tareas.helper.PasswordValidator - password : java REGEX 123 %
16:56:52.591 [Test worker] INFO com.bci.tareas.helper.PasswordValidator - PatronPassword : ^(?=.*[0-9])(?=.*[a-z])(?=.*[A-Z])(?=.*[!@#&()?[{}]:;',?/*~$^+=<>]).{8,20}$
16:56:52.592 [Test worker] INFO com.bci.tareas.test.PasswordValidatorTest - password no validas =________
16:56:52.592 [Test worker] INFO com.bci.tareas.helper.PasswordValidator - password : ________
16:56:52.592 [Test worker] INFO com.bci.tareas.helper.PasswordValidator - PatronPassword : ^(?=.*[0-9])(?=.*[a-z])(?=.*[A-Z])(?=.*[!@#&()?[{}]:;',?/*~$^+=<>]).{8,20}$
16:56:52.594 [Test worker] INFO com.bci.tareas.test.PasswordValidatorTest - password no validas =--------
16:56:52.594 [Test worker] INFO com.bci.tareas.helper.PasswordValidator - password : --------
16:56:52.594 [Test worker] INFO com.bci.tareas.helper.PasswordValidator - PatronPassword : ^(?=.*[0-9])(?=.*[a-z])(?=.*[A-Z])(?=.*[!@#&()?[{}]:;',?/*~$^+=<>]).{8,20}$
16:56:52.595 [Test worker] INFO com.bci.tareas.test.PasswordValidatorTest - password no validas = 
16:56:52.595 [Test worker] INFO com.bci.tareas.helper.PasswordValidator - password :  
16:56:52.595 [Test worker] INFO com.bci.tareas.helper.PasswordValidator - PatronPassword : ^(?=.*[0-9])(?=.*[a-z])(?=.*[A-Z])(?=.*[!@#&()?[{}]:;',?/*~$^+=<>]).{8,20}$
16:56:52.597 [Test worker] INFO com.bci.tareas.test.PasswordValidatorTest - password no validas =Asds23
16:56:52.597 [Test worker] INFO com.bci.tareas.helper.PasswordValidator - password : Asds23
16:56:52.597 [Test worker] INFO com.bci.tareas.helper.PasswordValidator - PatronPassword : ^(?=.*[0-9])(?=.*[a-z])(?=.*[A-Z])(?=.*[!@#&()?[{}]:;',?/*~$^+=<>]).{8,20}$
16:56:52.602 [Test worker] INFO com.bci.tareas.test.PasswordValidatorTest - password  validas =A23bbbccc@
16:56:52.602 [Test worker] INFO com.bci.tareas.helper.PasswordValidator - password : A23bbbccc@
16:56:52.602 [Test worker] INFO com.bci.tareas.helper.PasswordValidator - PatronPassword : ^(?=.*[0-9])(?=.*[a-z])(?=.*[A-Z])(?=.*[!@#&()?[{}]:;',?/*~$^+=<>]).{8,20}$
16:56:52.604 [Test worker] INFO com.bci.tareas.test.PasswordValidatorTest - password  validas =Hello@12
16:56:52.604 [Test worker] INFO com.bci.tareas.helper.PasswordValidator - password : Hello@12
16:56:52.604 [Test worker] INFO com.bci.tareas.helper.PasswordValidator - PatronPassword : ^(?=.*[0-9])(?=.*[a-z])(?=.*[A-Z])(?=.*[!@#&()?[{}]:;',?/*~$^+=<>]).{8,20}$
16:56:52.606 [Test worker] INFO com.bci.tareas.test.PasswordValidatorTest - password  validas =A!@#2&()aa1
16:56:52.606 [Test worker] INFO com.bci.tareas.helper.PasswordValidator - password : A!@#2&()aa1
16:56:52.606 [Test worker] INFO com.bci.tareas.helper.PasswordValidator - PatronPassword : ^(?=.*[0-9])(?=.*[a-z])(?=.*[A-Z])(?=.*[!@#&()?[{}]:;',?/*~$^+=<>]).{8,20}$
16:56:52.609 [Test worker] INFO com.bci.tareas.test.PasswordValidatorTest - password  validas =A[{2@}]:;a
16:56:52.609 [Test worker] INFO com.bci.tareas.helper.PasswordValidator - password : A[{2@}]:;a
16:56:52.609 [Test worker] INFO com.bci.tareas.helper.PasswordValidator - PatronPassword : ^(?=.*[0-9])(?=.*[a-z])(?=.*[A-Z])(?=.*[!@#&()?[{}]:;',?/*~$^+=<>]).{8,20}$
16:56:52.610 [Test worker] INFO com.bci.tareas.test.PasswordValidatorTest - password  validas =A7$^+=2a#
16:56:52.610 [Test worker] INFO com.bci.tareas.helper.PasswordValidator - password : A7$^+=2a#
16:56:52.610 [Test worker] INFO com.bci.tareas.helper.PasswordValidator - PatronPassword : ^(?=.*[0-9])(?=.*[a-z])(?=.*[A-Z])(?=.*[!@#&()?[{}]:;',?/*~$^+=<>]).{8,20}$
16:56:52.612 [Test worker] INFO com.bci.tareas.test.PasswordValidatorTest - password  validas =A89$abcdeab
16:56:52.612 [Test worker] INFO com.bci.tareas.helper.PasswordValidator - password : A89$abcdeab
16:56:52.612 [Test worker] INFO com.bci.tareas.helper.PasswordValidator - PatronPassword : ^(?=.*[0-9])(?=.*[a-z])(?=.*[A-Z])(?=.*[!@#&()?[{}]:;',?/*~$^+=<>]).{8,20}$
16:56:52.613 [Test worker] INFO com.bci.tareas.test.PasswordValidatorTest - password  validas =12fAa$wa
16:56:52.613 [Test worker] INFO com.bci.tareas.helper.PasswordValidator - password : 12fAa$wa
16:56:52.613 [Test worker] INFO com.bci.tareas.helper.PasswordValidator - PatronPassword : ^(?=.*[0-9])(?=.*[a-z])(?=.*[A-Z])(?=.*[!@#&()?[{}]:;',?/*~$^+=<>]).{8,20}$
]]></system-out>
  <system-err><![CDATA[]]></system-err>
</testsuite>
